生成启动时间为 2021/12/10 14:29:26。
     1>项目“D:\NJUPTstudy\MathClient2\MathClient2\MathClient2.vcxproj”在节点 2 上(build 个目标)。
     1>InitializeBuildStatus:
         正在创建“Debug\MathClient2.unsuccessfulbuild”，因为已指定“AlwaysCreate”。
       ClCompile:
         所有输出均为最新。
       ManifestResourceCompile:
         所有输出均为最新。
       Link:
         所有输出均为最新。
       Manifest:
         所有输出均为最新。
       PostBuildEvent:
         xcopy /y /d "..\..\MathLibrary\Debug\MathLibrary.dll" "D:\NJUPTstudy\MathClient2\Debug\"
         :VCEnd
         ..\..\MathLibrary\Debug\MathLibrary.dll
         复制了 1 个文件
       FinalizeBuildStatus:
         正在删除文件“Debug\MathClient2.unsuccessfulbuild”。
         正在对“Debug\MathClient2.lastbuildstate”执行 Touch 任务。
     1>已完成生成项目“D:\NJUPTstudy\MathClient2\MathClient2\MathClient2.vcxproj”(build 个目标)的操作。

生成成功。

已用时间 00:00:00.43
