生成启动时间为 2021/12/10 14:11:35。
     1>项目“D:\NJUPTstudy\MathLibrary\MathLibrary\MathLibrary.vcxproj”在节点 2 上(build 个目标)。
     1>InitializeBuildStatus:
         正在对“Debug\MathLibrary.unsuccessfulbuild”执行 Touch 任务。
       ClCompile:
         所有输出均为最新。
         所有输出均为最新。
         C:\Program Files (x86)\Microsoft Visual Studio 10.0\VC\bin\CL.exe /c /ZI /nologo /W3 /WX- /Od /Oy- /D WIN32 /D _DEBUG /D _WINDOWS /D _USRDLL /D MATHLIBRARY_EXPORTS /D _WINDLL /D _UNICODE /D UNICODE /Gm /EHsc /RTC1 /MDd /GS /fp:precise /Zc:wchar_t /Zc:forScope /Yu"StdAfx.h" /Fp"Debug\MathLibrary.pch" /Fo"Debug\\" /Fd"Debug\vc100.pdb" /Gd /TP /analyze- /errorReport:prompt MathLibrary.cpp
         MathLibrary.cpp
       ManifestResourceCompile:
         C:\Program Files (x86)\Microsoft SDKs\Windows\v7.0A\bin\rc.exe /nologo /fo"Debug\MathLibrary.dll.embed.manifest.res" Debug\MathLibrary_manifest.rc 
       Link:
         C:\Program Files (x86)\Microsoft Visual Studio 10.0\VC\bin\link.exe /ERRORREPORT:PROMPT /OUT:"D:\NJUPTstudy\MathLibrary\Debug\MathLibrary.dll" /INCREMENTAL /NOLOGO kernel32.lib user32.lib gdi32.lib winspool.lib comdlg32.lib advapi32.lib shell32.lib ole32.lib oleaut32.lib uuid.lib odbc32.lib odbccp32.lib /MANIFEST /ManifestFile:"Debug\MathLibrary.dll.intermediate.manifest" /MANIFESTUAC:"level='asInvoker' uiAccess='false'" /DEBUG /PDB:"D:\NJUPTstudy\MathLibrary\Debug\MathLibrary.pdb" /SUBSYSTEM:WINDOWS /TLBID:1 /DYNAMICBASE /NXCOMPAT /IMPLIB:"D:\NJUPTstudy\MathLibrary\Debug\MathLibrary.lib" /MACHINE:X86 /DLL Debug\MathLibrary.dll.embed.manifest.res
         Debug\dllmain.obj
         Debug\MathLibrary.obj
         Debug\stdafx.obj
            正在创建库 D:\NJUPTstudy\MathLibrary\Debug\MathLibrary.lib 和对象 D:\NJUPTstudy\MathLibrary\Debug\MathLibrary.exp
       Manifest:
         C:\Program Files (x86)\Microsoft SDKs\Windows\v7.0A\bin\mt.exe /nologo /verbose /out:"Debug\MathLibrary.dll.embed.manifest" /manifest Debug\MathLibrary.dll.intermediate.manifest
         C:\Program Files (x86)\Microsoft SDKs\Windows\v7.0A\bin\rc.exe /nologo /fo"Debug\MathLibrary.dll.embed.manifest.res" Debug\MathLibrary_manifest.rc 
       LinkEmbedManifest:
         C:\Program Files (x86)\Microsoft Visual Studio 10.0\VC\bin\link.exe /ERRORREPORT:PROMPT /OUT:"D:\NJUPTstudy\MathLibrary\Debug\MathLibrary.dll" /INCREMENTAL /NOLOGO kernel32.lib user32.lib gdi32.lib winspool.lib comdlg32.lib advapi32.lib shell32.lib ole32.lib oleaut32.lib uuid.lib odbc32.lib odbccp32.lib /MANIFEST /ManifestFile:"Debug\MathLibrary.dll.intermediate.manifest" /MANIFESTUAC:"level='asInvoker' uiAccess='false'" /DEBUG /PDB:"D:\NJUPTstudy\MathLibrary\Debug\MathLibrary.pdb" /SUBSYSTEM:WINDOWS /TLBID:1 /DYNAMICBASE /NXCOMPAT /IMPLIB:"D:\NJUPTstudy\MathLibrary\Debug\MathLibrary.lib" /MACHINE:X86 /DLL Debug\MathLibrary.dll.embed.manifest.res
         Debug\dllmain.obj
         Debug\MathLibrary.obj
         Debug\stdafx.obj
            正在创建库 D:\NJUPTstudy\MathLibrary\Debug\MathLibrary.lib 和对象 D:\NJUPTstudy\MathLibrary\Debug\MathLibrary.exp
         MathLibrary.vcxproj -> D:\NJUPTstudy\MathLibrary\Debug\MathLibrary.dll
       FinalizeBuildStatus:
         正在删除文件“Debug\MathLibrary.unsuccessfulbuild”。
         正在对“Debug\MathLibrary.lastbuildstate”执行 Touch 任务。
     1>已完成生成项目“D:\NJUPTstudy\MathLibrary\MathLibrary\MathLibrary.vcxproj”(build 个目标)的操作。

生成成功。

已用时间 00:00:01.06
